Using pre-set license
Built from '2021.1/staging' branch; Version is '2021.1.0b3 (202fb86be42c) revision 2109368'; Using compiler version '192528614'; Build Type 'Release'
OS: 'Windows 10 Pro; OS build 19042.928; Version 2009; 64bit' Language: 'pt' Physical Memory: 8174 MB
BatchMode: 1, IsHumanControllingUs: 0, StartBugReporterOnCrash: 0, Is64bit: 1, IsPro: 0

 COMMAND LINE ARGUMENTS:
C:\Program Files\Unity\Hub\Editor\2021.1.0b3\Editor\Unity.exe
-adb2
-batchMode
-noUpm
-name
AssetImportWorker0
-projectPath
C:/Users/Vinicius/Desktop/BulletHellJam/BulletHellJam
-logFile
Logs/AssetImportWorker0.log
-srvPort
50540
Successfully changed project path to: C:/Users/Vinicius/Desktop/BulletHellJam/BulletHellJam
C:/Users/Vinicius/Desktop/BulletHellJam/BulletHellJam
Using Asset Import Pipeline V2.
Refreshing native plugins compatible for Editor in 172.06 ms, found 2 plugins.
Preloading 0 native plugins for Editor in 0.00 ms.
Initialize engine version: 2021.1.0b3 (202fb86be42c)
[Subsystems] Discovering subsystems at path C:/Program Files/Unity/Hub/Editor/2021.1.0b3/Editor/Data/Resources/UnitySubsystems
[Subsystems] Discovering subsystems at path C:/Users/Vinicius/Desktop/BulletHellJam/BulletHellJam/Assets
GfxDevice: creating device client; threaded=0; jobified=0
Direct3D:
    Version:  Direct3D 11.0 [level 11.1]
    Renderer: AMD Radeon R7 200 Series (ID=0x6613)
    Vendor:   ATI
    VRAM:     2028 MB
    Driver:   27.20.12027.1001
Initialize mono
Mono path[0] = 'C:/Program Files/Unity/Hub/Editor/2021.1.0b3/Editor/Data/Managed'
Mono path[1] = 'C:/Program Files/Unity/Hub/Editor/2021.1.0b3/Editor/Data/MonoBleedingEdge/lib/mono/unityjit'
Mono config path = 'C:/Program Files/Unity/Hub/Editor/2021.1.0b3/Editor/Data/MonoBleedingEdge/etc'
Using monoOptions --debugger-agent=transport=dt_socket,embedding=1,server=y,suspend=n,address=127.0.0.1:56912
Begin MonoManager ReloadAssembly
Registering precompiled unity dll's ...
Register platform support module: C:/Program Files/Unity/Hub/Editor/2021.1.0b3/Editor/Data/PlaybackEngines/WindowsStandaloneSupport/UnityEditor.WindowsStandalone.Extensions.dll
Registered in 0.003502 seconds.
Native extension for WindowsStandalone target not found
Refreshing native plugins compatible for Editor in 136.09 ms, found 2 plugins.
Preloading 0 native plugins for Editor in 0.00 ms.
Mono: successfully reloaded assembly
- Completed reload, in  3.927 seconds
Platform modules already initialized, skipping
Registering precompiled user dll's ...
Registered in 0.005827 seconds.
Begin MonoManager ReloadAssembly
Native extension for WindowsStandalone target not found
Refreshing native plugins compatible for Editor in 142.28 ms, found 2 plugins.
Preloading 0 native plugins for Editor in 0.00 ms.
Mono: successfully reloaded assembly
- Completed reload, in  2.002 seconds
Platform modules already initialized, skipping
========================================================================
Worker process is ready to serve import requests
Launched and connected shader compiler UnityShaderCompiler.exe after 0.06 seconds
Refreshing native plugins compatible for Editor in 1.02 ms, found 2 plugins.
Preloading 0 native plugins for Editor in 0.00 ms.
Unloading 3380 Unused Serialized files (Serialized files now loaded: 0)
System memory in use before: 260.3 MB.
System memory in use after: 260.4 MB.

Unloading 29 unused Assets to reduce memory usage. Loaded Objects now: 3832.
Total: 4.513500 ms (FindLiveObjects: 0.499700 ms CreateObjectMapping: 0.192600 ms MarkObjects: 3.632100 ms  DeleteObjects: 0.187800 ms)

========================================================================
Received Import Request.
  path: Assets/Prefabs/Enemies/Bolin.prefab
  artifactKey: Guid(93afe128698b7c8479659c25c1cd4df9) Importer(815301076,1909f56bfc062723c751e8b465ee728b)
Start importing Assets/Prefabs/Enemies/Bolin.prefab using Guid(93afe128698b7c8479659c25c1cd4df9) Importer(815301076,1909f56bfc062723c751e8b465ee728b)  -> (artifact id: '7f38f865c4d2f8eec2f6ff9eab7945eb') in 0.204242 seconds 
========================================================================
Received Prepare
Registering precompiled user dll's ...
Registered in 0.006089 seconds.
Begin MonoManager ReloadAssembly
Native extension for WindowsStandalone target not found
Refreshing native plugins compatible for Editor in 1.05 ms, found 2 plugins.
Preloading 0 native plugins for Editor in 0.00 ms.
Mono: successfully reloaded assembly
- Completed reload, in  1.658 seconds
Platform modules already initialized, skipping
Refreshing native plugins compatible for Editor in 1.09 ms, found 2 plugins.
Preloading 0 native plugins for Editor in 0.00 ms.
Unloading 3375 Unused Serialized files (Serialized files now loaded: 0)
System memory in use before: 264.0 MB.
System memory in use after: 264.1 MB.

Unloading 17 unused Assets to reduce memory usage. Loaded Objects now: 3842.
Total: 4.129100 ms (FindLiveObjects: 0.605400 ms CreateObjectMapping: 0.317900 ms MarkObjects: 3.043000 ms  DeleteObjects: 0.161500 ms)

========================================================================
Received Prepare
Registering precompiled user dll's ...
Registered in 0.006778 seconds.
Begin MonoManager ReloadAssembly
Native extension for WindowsStandalone target not found
Refreshing native plugins compatible for Editor in 1.25 ms, found 2 plugins.
Preloading 0 native plugins for Editor in 0.00 ms.
Mono: successfully reloaded assembly
- Completed reload, in  1.607 seconds
Platform modules already initialized, skipping
Refreshing native plugins compatible for Editor in 1.10 ms, found 2 plugins.
Preloading 0 native plugins for Editor in 0.00 ms.
Unloading 3375 Unused Serialized files (Serialized files now loaded: 0)
System memory in use before: 264.0 MB.
System memory in use after: 264.1 MB.

Unloading 17 unused Assets to reduce memory usage. Loaded Objects now: 3845.
Total: 3.886600 ms (FindLiveObjects: 0.474000 ms CreateObjectMapping: 0.185800 ms MarkObjects: 3.053800 ms  DeleteObjects: 0.171700 ms)

========================================================================
Received Prepare
Registering precompiled user dll's ...
Registered in 0.006380 seconds.
Begin MonoManager ReloadAssembly
Native extension for WindowsStandalone target not found
Refreshing native plugins compatible for Editor in 1.12 ms, found 2 plugins.
Preloading 0 native plugins for Editor in 0.00 ms.
Mono: successfully reloaded assembly
- Completed reload, in  1.723 seconds
Platform modules already initialized, skipping
Refreshing native plugins compatible for Editor in 1.21 ms, found 2 plugins.
Preloading 0 native plugins for Editor in 0.00 ms.
Unloading 3375 Unused Serialized files (Serialized files now loaded: 0)
System memory in use before: 264.1 MB.
System memory in use after: 264.2 MB.

Unloading 17 unused Assets to reduce memory usage. Loaded Objects now: 3848.
Total: 3.948000 ms (FindLiveObjects: 0.563300 ms CreateObjectMapping: 0.178500 ms MarkObjects: 3.032700 ms  DeleteObjects: 0.171800 ms)

========================================================================
Received Prepare
Registering precompiled user dll's ...
Registered in 0.006464 seconds.
Begin MonoManager ReloadAssembly
Native extension for WindowsStandalone target not found
Refreshing native plugins compatible for Editor in 1.23 ms, found 2 plugins.
Preloading 0 native plugins for Editor in 0.00 ms.
Mono: successfully reloaded assembly
- Completed reload, in  1.702 seconds
Platform modules already initialized, skipping
Refreshing native plugins compatible for Editor in 1.07 ms, found 2 plugins.
Preloading 0 native plugins for Editor in 0.00 ms.
Unloading 3375 Unused Serialized files (Serialized files now loaded: 0)
System memory in use before: 264.1 MB.
System memory in use after: 264.2 MB.

Unloading 17 unused Assets to reduce memory usage. Loaded Objects now: 3851.
Total: 3.729300 ms (FindLiveObjects: 0.538200 ms CreateObjectMapping: 0.201300 ms MarkObjects: 2.816300 ms  DeleteObjects: 0.172100 ms)

========================================================================
Received Prepare
Registering precompiled user dll's ...
Registered in 0.006415 seconds.
Begin MonoManager ReloadAssembly
Native extension for WindowsStandalone target not found
Refreshing native plugins compatible for Editor in 1.08 ms, found 2 plugins.
Preloading 0 native plugins for Editor in 0.00 ms.
Mono: successfully reloaded assembly
- Completed reload, in  1.736 seconds
Platform modules already initialized, skipping
Refreshing native plugins compatible for Editor in 1.08 ms, found 2 plugins.
Preloading 0 native plugins for Editor in 0.00 ms.
Unloading 3375 Unused Serialized files (Serialized files now loaded: 0)
System memory in use before: 264.1 MB.
System memory in use after: 264.2 MB.

Unloading 17 unused Assets to reduce memory usage. Loaded Objects now: 3854.
Total: 7.419300 ms (FindLiveObjects: 0.573700 ms CreateObjectMapping: 0.237800 ms MarkObjects: 6.421300 ms  DeleteObjects: 0.184600 ms)

========================================================================
Received Prepare
Registering precompiled user dll's ...
Registered in 0.007943 seconds.
Begin MonoManager ReloadAssembly
Native extension for WindowsStandalone target not found
Refreshing native plugins compatible for Editor in 1.15 ms, found 2 plugins.
Preloading 0 native plugins for Editor in 0.00 ms.
Mono: successfully reloaded assembly
- Completed reload, in  1.584 seconds
Platform modules already initialized, skipping
Refreshing native plugins compatible for Editor in 1.02 ms, found 2 plugins.
Preloading 0 native plugins for Editor in 0.00 ms.
Unloading 3375 Unused Serialized files (Serialized files now loaded: 0)
System memory in use before: 264.1 MB.
System memory in use after: 264.2 MB.

Unloading 17 unused Assets to reduce memory usage. Loaded Objects now: 3857.
Total: 3.667300 ms (FindLiveObjects: 0.498800 ms CreateObjectMapping: 0.175400 ms MarkObjects: 2.835800 ms  DeleteObjects: 0.155900 ms)

========================================================================
Received Prepare
Registering precompiled user dll's ...
Registered in 0.006720 seconds.
Begin MonoManager ReloadAssembly
Native extension for WindowsStandalone target not found
Refreshing native plugins compatible for Editor in 1.08 ms, found 2 plugins.
Preloading 0 native plugins for Editor in 0.00 ms.
Mono: successfully reloaded assembly
- Completed reload, in  1.532 seconds
Platform modules already initialized, skipping
Refreshing native plugins compatible for Editor in 1.01 ms, found 2 plugins.
Preloading 0 native plugins for Editor in 0.00 ms.
Unloading 3375 Unused Serialized files (Serialized files now loaded: 0)
System memory in use before: 264.1 MB.
System memory in use after: 264.2 MB.

Unloading 17 unused Assets to reduce memory usage. Loaded Objects now: 3860.
Total: 3.827200 ms (FindLiveObjects: 0.488700 ms CreateObjectMapping: 0.375800 ms MarkObjects: 2.801500 ms  DeleteObjects: 0.160100 ms)

========================================================================
Received Import Request.
  Time since last request: 324.964179 seconds.
  path: Assets/Scenes/01.unity
  artifactKey: Guid(75d50705fef240d419eb87cebb4b03bb) Importer(815301076,1909f56bfc062723c751e8b465ee728b)
Start importing Assets/Scenes/01.unity using Guid(75d50705fef240d419eb87cebb4b03bb) Importer(815301076,1909f56bfc062723c751e8b465ee728b)  -> (artifact id: 'df09baf74b79755ac7f8fb8fc0c1f9d3') in 0.022381 seconds 
========================================================================
Received Prepare
Registering precompiled user dll's ...
Registered in 0.006730 seconds.
Begin MonoManager ReloadAssembly
Native extension for WindowsStandalone target not found
Refreshing native plugins compatible for Editor in 1.07 ms, found 2 plugins.
Preloading 0 native plugins for Editor in 0.00 ms.
Mono: successfully reloaded assembly
- Completed reload, in  1.697 seconds
Platform modules already initialized, skipping
Refreshing native plugins compatible for Editor in 1.09 ms, found 2 plugins.
Preloading 0 native plugins for Editor in 0.00 ms.
Unloading 3375 Unused Serialized files (Serialized files now loaded: 0)
System memory in use before: 264.1 MB.
System memory in use after: 264.2 MB.

Unloading 17 unused Assets to reduce memory usage. Loaded Objects now: 3863.
Total: 6.228600 ms (FindLiveObjects: 0.741500 ms CreateObjectMapping: 0.274100 ms MarkObjects: 5.000800 ms  DeleteObjects: 0.210000 ms)

========================================================================
Received Import Request.
  Time since last request: 18.129828 seconds.
  path: Assets/Scenes/03.unity
  artifactKey: Guid(c40f514645336b0498f9bd47602251c6) Importer(815301076,1909f56bfc062723c751e8b465ee728b)
Start importing Assets/Scenes/03.unity using Guid(c40f514645336b0498f9bd47602251c6) Importer(815301076,1909f56bfc062723c751e8b465ee728b)  -> (artifact id: 'de8cc907ee9270b9a9a3a3d59e7d5f45') in 0.019933 seconds 
========================================================================
Received Prepare
Registering precompiled user dll's ...
Registered in 0.006377 seconds.
Begin MonoManager ReloadAssembly
Native extension for WindowsStandalone target not found
Refreshing native plugins compatible for Editor in 1.13 ms, found 2 plugins.
Preloading 0 native plugins for Editor in 0.00 ms.
Mono: successfully reloaded assembly
- Completed reload, in  1.825 seconds
Platform modules already initialized, skipping
Refreshing native plugins compatible for Editor in 1.08 ms, found 2 plugins.
Preloading 0 native plugins for Editor in 0.00 ms.
Unloading 3375 Unused Serialized files (Serialized files now loaded: 0)
System memory in use before: 264.1 MB.
System memory in use after: 264.3 MB.

Unloading 17 unused Assets to reduce memory usage. Loaded Objects now: 3866.
Total: 4.229000 ms (FindLiveObjects: 0.539900 ms CreateObjectMapping: 0.186100 ms MarkObjects: 3.337800 ms  DeleteObjects: 0.163900 ms)

========================================================================
Received Prepare
Registering precompiled user dll's ...
Registered in 0.006221 seconds.
Begin MonoManager ReloadAssembly
Native extension for WindowsStandalone target not found
Refreshing native plugins compatible for Editor in 1.04 ms, found 2 plugins.
Preloading 0 native plugins for Editor in 0.00 ms.
Mono: successfully reloaded assembly
- Completed reload, in  1.619 seconds
Platform modules already initialized, skipping
Refreshing native plugins compatible for Editor in 0.99 ms, found 2 plugins.
Preloading 0 native plugins for Editor in 0.00 ms.
Unloading 3375 Unused Serialized files (Serialized files now loaded: 0)
System memory in use before: 264.2 MB.
System memory in use after: 264.3 MB.

Unloading 17 unused Assets to reduce memory usage. Loaded Objects now: 3869.
Total: 3.692700 ms (FindLiveObjects: 0.473100 ms CreateObjectMapping: 0.176200 ms MarkObjects: 2.891100 ms  DeleteObjects: 0.150600 ms)

========================================================================
Received Prepare
Registering precompiled user dll's ...
Registered in 0.007203 seconds.
Begin MonoManager ReloadAssembly
Native extension for WindowsStandalone target not found
Refreshing native plugins compatible for Editor in 1.03 ms, found 2 plugins.
Preloading 0 native plugins for Editor in 0.00 ms.
Mono: successfully reloaded assembly
- Completed reload, in  1.821 seconds
Platform modules already initialized, skipping
Refreshing native plugins compatible for Editor in 1.08 ms, found 2 plugins.
Preloading 0 native plugins for Editor in 0.00 ms.
Unloading 3375 Unused Serialized files (Serialized files now loaded: 0)
System memory in use before: 264.2 MB.
System memory in use after: 264.3 MB.

Unloading 17 unused Assets to reduce memory usage. Loaded Objects now: 3872.
Total: 4.385500 ms (FindLiveObjects: 0.585900 ms CreateObjectMapping: 0.275400 ms MarkObjects: 3.349700 ms  DeleteObjects: 0.173000 ms)

========================================================================
Received Prepare
Registering precompiled user dll's ...
Registered in 0.011019 seconds.
Begin MonoManager ReloadAssembly
Native extension for WindowsStandalone target not found
Refreshing native plugins compatible for Editor in 1.39 ms, found 2 plugins.
Preloading 0 native plugins for Editor in 0.00 ms.
Mono: successfully reloaded assembly
- Completed reload, in  1.966 seconds
Platform modules already initialized, skipping
Refreshing native plugins compatible for Editor in 1.01 ms, found 2 plugins.
Preloading 0 native plugins for Editor in 0.00 ms.
Unloading 3375 Unused Serialized files (Serialized files now loaded: 0)
System memory in use before: 264.2 MB.
System memory in use after: 264.3 MB.

Unloading 17 unused Assets to reduce memory usage. Loaded Objects now: 3875.
Total: 3.637300 ms (FindLiveObjects: 0.488300 ms CreateObjectMapping: 0.195300 ms MarkObjects: 2.790700 ms  DeleteObjects: 0.161600 ms)

========================================================================
Received Prepare
Registering precompiled user dll's ...
Registered in 0.006762 seconds.
Begin MonoManager ReloadAssembly
Native extension for WindowsStandalone target not found
Refreshing native plugins compatible for Editor in 1.07 ms, found 2 plugins.
Preloading 0 native plugins for Editor in 0.00 ms.
Mono: successfully reloaded assembly
- Completed reload, in  1.707 seconds
Platform modules already initialized, skipping
Refreshing native plugins compatible for Editor in 0.97 ms, found 2 plugins.
Preloading 0 native plugins for Editor in 0.00 ms.
Unloading 3375 Unused Serialized files (Serialized files now loaded: 0)
System memory in use before: 264.2 MB.
System memory in use after: 264.3 MB.

Unloading 17 unused Assets to reduce memory usage. Loaded Objects now: 3878.
Total: 3.744200 ms (FindLiveObjects: 0.490800 ms CreateObjectMapping: 0.191000 ms MarkObjects: 2.910400 ms  DeleteObjects: 0.150700 ms)

========================================================================
Received Prepare
Registering precompiled user dll's ...
Registered in 0.006253 seconds.
Begin MonoManager ReloadAssembly
Native extension for WindowsStandalone target not found
Refreshing native plugins compatible for Editor in 1.05 ms, found 2 plugins.
Preloading 0 native plugins for Editor in 0.00 ms.
Mono: successfully reloaded assembly
- Completed reload, in  1.638 seconds
Platform modules already initialized, skipping
Refreshing native plugins compatible for Editor in 1.05 ms, found 2 plugins.
Preloading 0 native plugins for Editor in 0.00 ms.
Unloading 3375 Unused Serialized files (Serialized files now loaded: 0)
System memory in use before: 264.2 MB.
System memory in use after: 264.3 MB.

Unloading 17 unused Assets to reduce memory usage. Loaded Objects now: 3881.
Total: 3.651900 ms (FindLiveObjects: 0.503700 ms CreateObjectMapping: 0.186400 ms MarkObjects: 2.798600 ms  DeleteObjects: 0.161700 ms)

========================================================================
Received Prepare
Registering precompiled user dll's ...
Registered in 0.006254 seconds.
Begin MonoManager ReloadAssembly
Native extension for WindowsStandalone target not found
Refreshing native plugins compatible for Editor in 1.07 ms, found 2 plugins.
Preloading 0 native plugins for Editor in 0.00 ms.
Mono: successfully reloaded assembly
- Completed reload, in  1.614 seconds
Platform modules already initialized, skipping
Refreshing native plugins compatible for Editor in 1.13 ms, found 2 plugins.
Preloading 0 native plugins for Editor in 0.00 ms.
Unloading 3375 Unused Serialized files (Serialized files now loaded: 0)
System memory in use before: 264.2 MB.
System memory in use after: 264.3 MB.

Unloading 17 unused Assets to reduce memory usage. Loaded Objects now: 3884.
Total: 4.696000 ms (FindLiveObjects: 0.734700 ms CreateObjectMapping: 0.360200 ms MarkObjects: 3.432600 ms  DeleteObjects: 0.165800 ms)

========================================================================
Received Prepare
Registering precompiled user dll's ...
Registered in 0.006216 seconds.
Begin MonoManager ReloadAssembly
Native extension for WindowsStandalone target not found
Refreshing native plugins compatible for Editor in 1.18 ms, found 2 plugins.
Preloading 0 native plugins for Editor in 0.00 ms.
Mono: successfully reloaded assembly
- Completed reload, in  1.664 seconds
Platform modules already initialized, skipping
Refreshing native plugins compatible for Editor in 1.08 ms, found 2 plugins.
Preloading 0 native plugins for Editor in 0.00 ms.
Unloading 3375 Unused Serialized files (Serialized files now loaded: 0)
System memory in use before: 264.2 MB.
System memory in use after: 264.3 MB.

Unloading 17 unused Assets to reduce memory usage. Loaded Objects now: 3887.
Total: 3.784600 ms (FindLiveObjects: 0.476300 ms CreateObjectMapping: 0.180500 ms MarkObjects: 2.970800 ms  DeleteObjects: 0.155100 ms)

========================================================================
Received Prepare
Registering precompiled user dll's ...
Registered in 0.006489 seconds.
Begin MonoManager ReloadAssembly
Native extension for WindowsStandalone target not found
Refreshing native plugins compatible for Editor in 1.06 ms, found 2 plugins.
Preloading 0 native plugins for Editor in 0.00 ms.
Mono: successfully reloaded assembly
- Completed reload, in  1.683 seconds
Platform modules already initialized, skipping
Refreshing native plugins compatible for Editor in 1.01 ms, found 2 plugins.
Preloading 0 native plugins for Editor in 0.00 ms.
Unloading 3375 Unused Serialized files (Serialized files now loaded: 0)
System memory in use before: 264.2 MB.
System memory in use after: 264.3 MB.

Unloading 17 unused Assets to reduce memory usage. Loaded Objects now: 3890.
Total: 3.952600 ms (FindLiveObjects: 0.608100 ms CreateObjectMapping: 0.186600 ms MarkObjects: 2.994600 ms  DeleteObjects: 0.161900 ms)

========================================================================
Received Prepare
Registering precompiled user dll's ...
Registered in 0.006395 seconds.
Begin MonoManager ReloadAssembly
Native extension for WindowsStandalone target not found
Refreshing native plugins compatible for Editor in 1.07 ms, found 2 plugins.
Preloading 0 native plugins for Editor in 0.00 ms.
Mono: successfully reloaded assembly
- Completed reload, in  1.682 seconds
Platform modules already initialized, skipping
Refreshing native plugins compatible for Editor in 1.00 ms, found 2 plugins.
Preloading 0 native plugins for Editor in 0.00 ms.
Unloading 3375 Unused Serialized files (Serialized files now loaded: 0)
System memory in use before: 264.2 MB.
System memory in use after: 264.3 MB.

Unloading 17 unused Assets to reduce memory usage. Loaded Objects now: 3893.
Total: 3.587900 ms (FindLiveObjects: 0.454700 ms CreateObjectMapping: 0.168900 ms MarkObjects: 2.810700 ms  DeleteObjects: 0.152300 ms)

========================================================================
Received Prepare
Registering precompiled user dll's ...
Registered in 0.006302 seconds.
Begin MonoManager ReloadAssembly
Native extension for WindowsStandalone target not found
Refreshing native plugins compatible for Editor in 1.05 ms, found 2 plugins.
Preloading 0 native plugins for Editor in 0.00 ms.
Mono: successfully reloaded assembly
- Completed reload, in  1.611 seconds
Platform modules already initialized, skipping
Refreshing native plugins compatible for Editor in 1.01 ms, found 2 plugins.
Preloading 0 native plugins for Editor in 0.00 ms.
Unloading 3375 Unused Serialized files (Serialized files now loaded: 0)
System memory in use before: 264.2 MB.
System memory in use after: 264.3 MB.

Unloading 17 unused Assets to reduce memory usage. Loaded Objects now: 3896.
Total: 3.544100 ms (FindLiveObjects: 0.464300 ms CreateObjectMapping: 0.180100 ms MarkObjects: 2.746400 ms  DeleteObjects: 0.151700 ms)

========================================================================
Received Prepare
Registering precompiled user dll's ...
Registered in 0.008206 seconds.
Begin MonoManager ReloadAssembly
Native extension for WindowsStandalone target not found
Refreshing native plugins compatible for Editor in 1.08 ms, found 2 plugins.
Preloading 0 native plugins for Editor in 0.00 ms.
Mono: successfully reloaded assembly
- Completed reload, in  1.751 seconds
Platform modules already initialized, skipping
Refreshing native plugins compatible for Editor in 1.08 ms, found 2 plugins.
Preloading 0 native plugins for Editor in 0.00 ms.
Unloading 3375 Unused Serialized files (Serialized files now loaded: 0)
System memory in use before: 264.2 MB.
System memory in use after: 264.3 MB.

Unloading 17 unused Assets to reduce memory usage. Loaded Objects now: 3899.
Total: 3.896000 ms (FindLiveObjects: 0.494000 ms CreateObjectMapping: 0.196000 ms MarkObjects: 3.047000 ms  DeleteObjects: 0.157600 ms)

========================================================================
Received Import Request.
  Time since last request: 541.996875 seconds.
  path: Assets/Scenes/04.unity
  artifactKey: Guid(50583e37f290f0c46861f0f46f665ad2) Importer(815301076,1909f56bfc062723c751e8b465ee728b)
Start importing Assets/Scenes/04.unity using Guid(50583e37f290f0c46861f0f46f665ad2) Importer(815301076,1909f56bfc062723c751e8b465ee728b)  -> (artifact id: '40bc7c62c1e74024acf185ace701869a') in 0.031072 seconds 
========================================================================
Received Prepare
Registering precompiled user dll's ...
Registered in 0.006482 seconds.
Begin MonoManager ReloadAssembly
Native extension for WindowsStandalone target not found
Refreshing native plugins compatible for Editor in 1.06 ms, found 2 plugins.
Preloading 0 native plugins for Editor in 0.00 ms.
Mono: successfully reloaded assembly
- Completed reload, in  1.724 seconds
Platform modules already initialized, skipping
Refreshing native plugins compatible for Editor in 1.06 ms, found 2 plugins.
Preloading 0 native plugins for Editor in 0.00 ms.
Unloading 3375 Unused Serialized files (Serialized files now loaded: 0)
System memory in use before: 264.2 MB.
System memory in use after: 264.4 MB.

Unloading 17 unused Assets to reduce memory usage. Loaded Objects now: 3902.
Total: 3.933100 ms (FindLiveObjects: 0.535900 ms CreateObjectMapping: 0.199600 ms MarkObjects: 3.035800 ms  DeleteObjects: 0.160400 ms)

========================================================================
Received Prepare
Registering precompiled user dll's ...
Registered in 0.006311 seconds.
Begin MonoManager ReloadAssembly
Native extension for WindowsStandalone target not found
Refreshing native plugins compatible for Editor in 1.14 ms, found 2 plugins.
Preloading 0 native plugins for Editor in 0.00 ms.
Mono: successfully reloaded assembly
- Completed reload, in  1.816 seconds
Platform modules already initialized, skipping
Refreshing native plugins compatible for Editor in 1.29 ms, found 2 plugins.
Preloading 0 native plugins for Editor in 0.00 ms.
Unloading 3375 Unused Serialized files (Serialized files now loaded: 0)
System memory in use before: 264.3 MB.
System memory in use after: 264.4 MB.

Unloading 17 unused Assets to reduce memory usage. Loaded Objects now: 3905.
Total: 6.051300 ms (FindLiveObjects: 1.204500 ms CreateObjectMapping: 0.340600 ms MarkObjects: 4.296300 ms  DeleteObjects: 0.208000 ms)

========================================================================
Received Prepare
Registering precompiled user dll's ...
Registered in 0.006173 seconds.
Begin MonoManager ReloadAssembly
Native extension for WindowsStandalone target not found
Refreshing native plugins compatible for Editor in 1.09 ms, found 2 plugins.
Preloading 0 native plugins for Editor in 0.00 ms.
Mono: successfully reloaded assembly
- Completed reload, in  1.747 seconds
Platform modules already initialized, skipping
Refreshing native plugins compatible for Editor in 1.21 ms, found 2 plugins.
Preloading 0 native plugins for Editor in 0.00 ms.
Unloading 3375 Unused Serialized files (Serialized files now loaded: 0)
System memory in use before: 264.3 MB.
System memory in use after: 264.4 MB.

Unloading 17 unused Assets to reduce memory usage. Loaded Objects now: 3908.
Total: 3.915900 ms (FindLiveObjects: 0.499700 ms CreateObjectMapping: 0.191200 ms MarkObjects: 3.041400 ms  DeleteObjects: 0.181500 ms)

========================================================================
Received Prepare
Registering precompiled user dll's ...
Registered in 0.006471 seconds.
Begin MonoManager ReloadAssembly
Native extension for WindowsStandalone target not found
Refreshing native plugins compatible for Editor in 1.11 ms, found 2 plugins.
Preloading 0 native plugins for Editor in 0.00 ms.
Mono: successfully reloaded assembly
- Completed reload, in  1.753 seconds
Platform modules already initialized, skipping
Refreshing native plugins compatible for Editor in 1.06 ms, found 2 plugins.
Preloading 0 native plugins for Editor in 0.00 ms.
Unloading 3375 Unused Serialized files (Serialized files now loaded: 0)
System memory in use before: 264.3 MB.
System memory in use after: 264.4 MB.

Unloading 17 unused Assets to reduce memory usage. Loaded Objects now: 3911.
Total: 5.531600 ms (FindLiveObjects: 0.823300 ms CreateObjectMapping: 0.290600 ms MarkObjects: 4.219900 ms  DeleteObjects: 0.195600 ms)

========================================================================
Received Prepare
Registering precompiled user dll's ...
Registered in 0.006449 seconds.
Begin MonoManager ReloadAssembly
Native extension for WindowsStandalone target not found
Refreshing native plugins compatible for Editor in 1.29 ms, found 2 plugins.
Preloading 0 native plugins for Editor in 0.00 ms.
Mono: successfully reloaded assembly
- Completed reload, in  1.749 seconds
Platform modules already initialized, skipping
Refreshing native plugins compatible for Editor in 0.97 ms, found 2 plugins.
Preloading 0 native plugins for Editor in 0.00 ms.
Unloading 3375 Unused Serialized files (Serialized files now loaded: 0)
System memory in use before: 264.3 MB.
System memory in use after: 264.4 MB.

Unloading 17 unused Assets to reduce memory usage. Loaded Objects now: 3914.
Total: 3.542900 ms (FindLiveObjects: 0.461900 ms CreateObjectMapping: 0.173300 ms MarkObjects: 2.748900 ms  DeleteObjects: 0.157200 ms)

========================================================================
Received Prepare
Registering precompiled user dll's ...
Registered in 0.007148 seconds.
Begin MonoManager ReloadAssembly
Native extension for WindowsStandalone target not found
Refreshing native plugins compatible for Editor in 1.06 ms, found 2 plugins.
Preloading 0 native plugins for Editor in 0.00 ms.
Mono: successfully reloaded assembly
- Completed reload, in  1.729 seconds
Platform modules already initialized, skipping
Refreshing native plugins compatible for Editor in 0.98 ms, found 2 plugins.
Preloading 0 native plugins for Editor in 0.00 ms.
Unloading 3375 Unused Serialized files (Serialized files now loaded: 0)
System memory in use before: 264.3 MB.
System memory in use after: 264.4 MB.

Unloading 17 unused Assets to reduce memory usage. Loaded Objects now: 3917.
Total: 4.340600 ms (FindLiveObjects: 0.530300 ms CreateObjectMapping: 0.186200 ms MarkObjects: 3.079200 ms  DeleteObjects: 0.543600 ms)

========================================================================
Received Prepare
Registering precompiled user dll's ...
Registered in 0.006590 seconds.
Begin MonoManager ReloadAssembly
Native extension for WindowsStandalone target not found
Refreshing native plugins compatible for Editor in 1.13 ms, found 2 plugins.
Preloading 0 native plugins for Editor in 0.00 ms.
Mono: successfully reloaded assembly
- Completed reload, in  1.809 seconds
Platform modules already initialized, skipping
Refreshing native plugins compatible for Editor in 1.01 ms, found 2 plugins.
Preloading 0 native plugins for Editor in 0.00 ms.
Unloading 3375 Unused Serialized files (Serialized files now loaded: 0)
System memory in use before: 264.3 MB.
System memory in use after: 264.4 MB.

Unloading 17 unused Assets to reduce memory usage. Loaded Objects now: 3920.
Total: 3.853400 ms (FindLiveObjects: 0.614300 ms CreateObjectMapping: 0.185800 ms MarkObjects: 2.889400 ms  DeleteObjects: 0.162200 ms)

========================================================================
Received Import Request.
  Time since last request: 654.743490 seconds.
  path: Assets/Scenes/04.unity
  artifactKey: Guid(50583e37f290f0c46861f0f46f665ad2) Importer(815301076,1909f56bfc062723c751e8b465ee728b)
Start importing Assets/Scenes/04.unity using Guid(50583e37f290f0c46861f0f46f665ad2) Importer(815301076,1909f56bfc062723c751e8b465ee728b)  -> (artifact id: 'e86df8517e2b8063a743ceeda6a3b592') in 0.022939 seconds 
========================================================================
Received Import Request.
  Time since last request: 198.530274 seconds.
  path: Assets/Prefabs/Player.prefab
  artifactKey: Guid(f0df2586e9b48c6438c7bdba0f0e405e) Importer(815301076,1909f56bfc062723c751e8b465ee728b)
Start importing Assets/Prefabs/Player.prefab using Guid(f0df2586e9b48c6438c7bdba0f0e405e) Importer(815301076,1909f56bfc062723c751e8b465ee728b)  -> (artifact id: '936ec0b0a75da2a6c5adac35d5067ebc') in 0.096880 seconds 
========================================================================
Received Import Request.
  Time since last request: 56.440102 seconds.
  path: Assets/Animations/Bolin/Bolin 1.png
  artifactKey: Guid(51855f942f28ba64699ef018efb0cc2f) Importer(815301076,1909f56bfc062723c751e8b465ee728b)
Start importing Assets/Animations/Bolin/Bolin 1.png using Guid(51855f942f28ba64699ef018efb0cc2f) Importer(815301076,1909f56bfc062723c751e8b465ee728b)  -> (artifact id: 'f6450c1c1d0dd1d352643cd1ec564e5e') in 0.114231 seconds 
========================================================================
Received Import Request.
  Time since last request: 62.316346 seconds.
  path: Assets/Prefabs/SplashImage.prefab
  artifactKey: Guid(a25ff9e643920694fb88eb0204d83cba) Importer(815301076,1909f56bfc062723c751e8b465ee728b)
Start importing Assets/Prefabs/SplashImage.prefab using Guid(a25ff9e643920694fb88eb0204d83cba) Importer(815301076,1909f56bfc062723c751e8b465ee728b)  -> (artifact id: 'e9cc3da861393b5d4ad1aa2ac965d679') in 0.034216 seconds 
========================================================================
Received Import Request.
  Time since last request: 101.900117 seconds.
  path: Assets/Prefabs/SplashImage.prefab
  artifactKey: Guid(a25ff9e643920694fb88eb0204d83cba) Importer(815301076,1909f56bfc062723c751e8b465ee728b)
Start importing Assets/Prefabs/SplashImage.prefab using Guid(a25ff9e643920694fb88eb0204d83cba) Importer(815301076,1909f56bfc062723c751e8b465ee728b)  -> (artifact id: '45a2e03251b4967fb4dc02d01524aa8a') in 0.020910 seconds 
========================================================================
Received Import Request.
  Time since last request: 43.543424 seconds.
  path: Assets/Captura de tela 2021-04-22 143101.png
  artifactKey: Guid(9e838547904ae4a498d769a844fd9f4a) Importer(815301076,1909f56bfc062723c751e8b465ee728b)
Start importing Assets/Captura de tela 2021-04-22 143101.png using Guid(9e838547904ae4a498d769a844fd9f4a) Importer(815301076,1909f56bfc062723c751e8b465ee728b)  -> (artifact id: '742b6e48e0e71d6062a133e71b7c2c3a') in 0.074262 seconds 
========================================================================
Received Prepare
Refreshing native plugins compatible for Editor in 12.48 ms, found 2 plugins.
Preloading 0 native plugins for Editor in 0.00 ms.
Unloading 15 Unused Serialized files (Serialized files now loaded: 0)
System memory in use before: 199.0 MB.
System memory in use after: 199.1 MB.

Unloading 15 unused Assets to reduce memory usage. Loaded Objects now: 3933.
Total: 4.760400 ms (FindLiveObjects: 0.534000 ms CreateObjectMapping: 0.191600 ms MarkObjects: 3.857500 ms  DeleteObjects: 0.175600 ms)

========================================================================
Received Prepare
Refreshing native plugins compatible for Editor in 5.98 ms, found 2 plugins.
Preloading 0 native plugins for Editor in 0.00 ms.
Unloading 15 Unused Serialized files (Serialized files now loaded: 0)
System memory in use before: 199.0 MB.
System memory in use after: 199.1 MB.

Unloading 15 unused Assets to reduce memory usage. Loaded Objects now: 3933.
Total: 4.963100 ms (FindLiveObjects: 0.539700 ms CreateObjectMapping: 0.335200 ms MarkObjects: 3.920300 ms  DeleteObjects: 0.166400 ms)

========================================================================
Received Prepare
Registering precompiled user dll's ...
Registered in 0.006454 seconds.
Begin MonoManager ReloadAssembly
Native extension for WindowsStandalone target not found
Refreshing native plugins compatible for Editor in 1.66 ms, found 2 plugins.
Preloading 0 native plugins for Editor in 0.00 ms.
Mono: successfully reloaded assembly
- Completed reload, in  2.122 seconds
Platform modules already initialized, skipping
Refreshing native plugins compatible for Editor in 1.33 ms, found 2 plugins.
Preloading 0 native plugins for Editor in 0.00 ms.
Unloading 3376 Unused Serialized files (Serialized files now loaded: 0)
System memory in use before: 265.8 MB.
System memory in use after: 265.9 MB.

Unloading 17 unused Assets to reduce memory usage. Loaded Objects now: 3963.
Total: 7.570100 ms (FindLiveObjects: 0.783100 ms CreateObjectMapping: 0.245300 ms MarkObjects: 6.194400 ms  DeleteObjects: 0.344800 ms)

========================================================================
Received Prepare
Registering precompiled user dll's ...
Registered in 0.006567 seconds.
Begin MonoManager ReloadAssembly
Native extension for WindowsStandalone target not found
Refreshing native plugins compatible for Editor in 1.10 ms, found 2 plugins.
Preloading 0 native plugins for Editor in 0.00 ms.
Mono: successfully reloaded assembly
- Completed reload, in  1.844 seconds
Platform modules already initialized, skipping
Refreshing native plugins compatible for Editor in 1.20 ms, found 2 plugins.
Preloading 0 native plugins for Editor in 0.00 ms.
Unloading 3375 Unused Serialized files (Serialized files now loaded: 0)
System memory in use before: 265.8 MB.
System memory in use after: 265.9 MB.

Unloading 17 unused Assets to reduce memory usage. Loaded Objects now: 3966.
Total: 3.701600 ms (FindLiveObjects: 0.510100 ms CreateObjectMapping: 0.179100 ms MarkObjects: 2.854800 ms  DeleteObjects: 0.156500 ms)

========================================================================
Received Prepare
Registering precompiled user dll's ...
Registered in 0.005911 seconds.
Begin MonoManager ReloadAssembly
Native extension for WindowsStandalone target not found
Refreshing native plugins compatible for Editor in 1.07 ms, found 2 plugins.
Preloading 0 native plugins for Editor in 0.00 ms.
Mono: successfully reloaded assembly
- Completed reload, in  1.781 seconds
Platform modules already initialized, skipping
Refreshing native plugins compatible for Editor in 1.11 ms, found 2 plugins.
Preloading 0 native plugins for Editor in 0.00 ms.
Unloading 3375 Unused Serialized files (Serialized files now loaded: 0)
System memory in use before: 265.8 MB.
System memory in use after: 265.9 MB.

Unloading 17 unused Assets to reduce memory usage. Loaded Objects now: 3969.
Total: 4.097200 ms (FindLiveObjects: 0.548700 ms CreateObjectMapping: 0.185500 ms MarkObjects: 3.178500 ms  DeleteObjects: 0.182700 ms)

========================================================================
Received Prepare
Refreshing native plugins compatible for Editor in 6.90 ms, found 2 plugins.
Preloading 0 native plugins for Editor in 0.00 ms.
Unloading 15 Unused Serialized files (Serialized files now loaded: 0)
System memory in use before: 199.1 MB.
System memory in use after: 199.3 MB.

Unloading 15 unused Assets to reduce memory usage. Loaded Objects now: 3969.
Total: 4.075600 ms (FindLiveObjects: 0.508500 ms CreateObjectMapping: 0.172100 ms MarkObjects: 3.197800 ms  DeleteObjects: 0.195800 ms)

AssetImportWorkerClient::OnTransportError - code=2 error=End of file
