Using pre-set license
Built from '2021.1/staging' branch; Version is '2021.1.0b3 (202fb86be42c) revision 2109368'; Using compiler version '192528614'; Build Type 'Release'
OS: 'Windows 10 Pro; OS build 19042.928; Version 2009; 64bit' Language: 'pt' Physical Memory: 8174 MB
BatchMode: 1, IsHumanControllingUs: 0, StartBugReporterOnCrash: 0, Is64bit: 1, IsPro: 0

 COMMAND LINE ARGUMENTS:
C:\Program Files\Unity\Hub\Editor\2021.1.0b3\Editor\Unity.exe
-adb2
-batchMode
-noUpm
-name
AssetImportWorker0
-projectPath
C:/Users/Vinicius/Desktop/BulletHellJam/BulletHellJam
-logFile
Logs/AssetImportWorker0.log
-srvPort
52050
Successfully changed project path to: C:/Users/Vinicius/Desktop/BulletHellJam/BulletHellJam
C:/Users/Vinicius/Desktop/BulletHellJam/BulletHellJam
Using Asset Import Pipeline V2.
Refreshing native plugins compatible for Editor in 140.50 ms, found 2 plugins.
Preloading 0 native plugins for Editor in 0.00 ms.
Initialize engine version: 2021.1.0b3 (202fb86be42c)
[Subsystems] Discovering subsystems at path C:/Program Files/Unity/Hub/Editor/2021.1.0b3/Editor/Data/Resources/UnitySubsystems
[Subsystems] Discovering subsystems at path C:/Users/Vinicius/Desktop/BulletHellJam/BulletHellJam/Assets
GfxDevice: creating device client; threaded=0; jobified=0
Direct3D:
    Version:  Direct3D 11.0 [level 11.1]
    Renderer: AMD Radeon R7 200 Series (ID=0x6613)
    Vendor:   ATI
    VRAM:     2028 MB
    Driver:   27.20.12027.1001
Initialize mono
Mono path[0] = 'C:/Program Files/Unity/Hub/Editor/2021.1.0b3/Editor/Data/Managed'
Mono path[1] = 'C:/Program Files/Unity/Hub/Editor/2021.1.0b3/Editor/Data/MonoBleedingEdge/lib/mono/unityjit'
Mono config path = 'C:/Program Files/Unity/Hub/Editor/2021.1.0b3/Editor/Data/MonoBleedingEdge/etc'
Using monoOptions --debugger-agent=transport=dt_socket,embedding=1,server=y,suspend=n,address=127.0.0.1:56536
Begin MonoManager ReloadAssembly
Registering precompiled unity dll's ...
Register platform support module: C:/Program Files/Unity/Hub/Editor/2021.1.0b3/Editor/Data/PlaybackEngines/WindowsStandaloneSupport/UnityEditor.WindowsStandalone.Extensions.dll
Registered in 0.003671 seconds.
Native extension for WindowsStandalone target not found
Refreshing native plugins compatible for Editor in 134.90 ms, found 2 plugins.
Preloading 0 native plugins for Editor in 0.00 ms.
Mono: successfully reloaded assembly
- Completed reload, in  3.743 seconds
Platform modules already initialized, skipping
Registering precompiled user dll's ...
Registered in 0.005644 seconds.
Begin MonoManager ReloadAssembly
Native extension for WindowsStandalone target not found
Refreshing native plugins compatible for Editor in 142.60 ms, found 2 plugins.
Preloading 0 native plugins for Editor in 0.00 ms.
Mono: successfully reloaded assembly
- Completed reload, in  1.951 seconds
Platform modules already initialized, skipping
========================================================================
Worker process is ready to serve import requests
Launched and connected shader compiler UnityShaderCompiler.exe after 0.06 seconds
Refreshing native plugins compatible for Editor in 2.37 ms, found 2 plugins.
Preloading 0 native plugins for Editor in 0.00 ms.
Unloading 3380 Unused Serialized files (Serialized files now loaded: 0)
System memory in use before: 260.3 MB.
System memory in use after: 260.4 MB.

Unloading 29 unused Assets to reduce memory usage. Loaded Objects now: 3832.
Total: 4.212400 ms (FindLiveObjects: 0.688400 ms CreateObjectMapping: 0.217400 ms MarkObjects: 3.105200 ms  DeleteObjects: 0.199800 ms)

========================================================================
Received Import Request.
  path: Assets/Scenes/01.unity
  artifactKey: Guid(75d50705fef240d419eb87cebb4b03bb) Importer(815301076,1909f56bfc062723c751e8b465ee728b)
Start importing Assets/Scenes/01.unity using Guid(75d50705fef240d419eb87cebb4b03bb) Importer(815301076,1909f56bfc062723c751e8b465ee728b)  -> (artifact id: 'e732ea5886f8d3c2322653d5215d7c50') in 0.025097 seconds 
========================================================================
Received Import Request.
  Time since last request: 0.027760 seconds.
  path: Assets/Scenes/02.unity
  artifactKey: Guid(620b2fbe140bca147bcb752a1fe07203) Importer(815301076,1909f56bfc062723c751e8b465ee728b)
Start importing Assets/Scenes/02.unity using Guid(620b2fbe140bca147bcb752a1fe07203) Importer(815301076,1909f56bfc062723c751e8b465ee728b)  -> (artifact id: '1a7e9036e2467fd3abda7c45397a8e19') in 0.005246 seconds 
========================================================================
Received Import Request.
  Time since last request: 4.474028 seconds.
  path: Assets/Scenes/03.unity
  artifactKey: Guid(c40f514645336b0498f9bd47602251c6) Importer(815301076,1909f56bfc062723c751e8b465ee728b)
Start importing Assets/Scenes/03.unity using Guid(c40f514645336b0498f9bd47602251c6) Importer(815301076,1909f56bfc062723c751e8b465ee728b)  -> (artifact id: 'e6fbc0b45934708099116f4331243c22') in 0.012012 seconds 
========================================================================
Received Import Request.
  Time since last request: 9.056699 seconds.
  path: Assets/Scenes/05.unity
  artifactKey: Guid(eae58a3539766144387927c101e664c2) Importer(815301076,1909f56bfc062723c751e8b465ee728b)
Start importing Assets/Scenes/05.unity using Guid(eae58a3539766144387927c101e664c2) Importer(815301076,1909f56bfc062723c751e8b465ee728b)  -> (artifact id: '1b9d7891d0ba81b554f3d374e2e26baa') in 0.012134 seconds 
AssetImportWorkerClient::OnTransportError - code=2 error=End of file
